[23:01:30] [Client thread/INFO]: Setting user: TabSoda
[23:01:31] [Client thread/INFO]: LWJGL Version: 2.9.4
[23:01:32] [Client thread/INFO]: Reloading ResourceManager: Default
[23:01:32] [Sound Library Loader/INFO]: Starting up SoundSystem...
[23:01:32] [Thread-3/INFO]: Initializing LWJGL OpenAL
[23:01:32] [Thread-3/INFO]: (The LWJGL binding of OpenAL.  For more information, see http://www.lwjgl.org)
[23:01:32] [Thread-3/INFO]: OpenAL initialized.
[23:01:33] [Sound Library Loader/INFO]: Sound engine started
[23:01:36] [Client thread/INFO]: Created: 1024x512 textures-atlas
[23:01:38] [Client thread/INFO]: Narrator library for x64 successfully loaded
[23:01:42] [Server thread/INFO]: Starting integrated minecraft server version 1.12.2
[23:01:42] [Server thread/INFO]: Generating keypair
[23:01:42] [Server thread/INFO]: Loaded 488 advancements
[23:01:42] [Server thread/INFO]: Preparing start region for level 0
[23:01:43] [Server thread/INFO]: Preparing spawn area: 12%
[23:01:44] [Server thread/INFO]: Preparing spawn area: 28%
[23:01:45] [Server thread/INFO]: Preparing spawn area: 43%
[23:01:46] [Server thread/INFO]: Preparing spawn area: 63%
[23:01:47] [Server thread/INFO]: Preparing spawn area: 80%
[23:01:48] [Server thread/INFO]: Preparing spawn area: 97%
[23:01:48] [Server thread/INFO]: Changing view distance to 12, from 10
[23:01:49] [Server thread/INFO]: TabSoda[local:E:03919493] logged in with entity id 1230 at (51.5, 64.0, 263.5)
[23:01:49] [Server thread/INFO]: TabSoda joined the game
[23:01:51] [Server thread/WARN]: Can't keep up! Did the system time change, or is the server overloaded? Running 2569ms behind, skipping 51 tick(s)
[23:01:53] [Server thread/INFO]: Saving and pausing game...
[23:01:53] [Server thread/INFO]: Saving chunks for level 'New World'/overworld
[23:01:54] [Server thread/INFO]: Saving chunks for level 'New World'/the_nether
[23:01:54] [Server thread/INFO]: Saving chunks for level 'New World'/the_end
[23:01:54] [Server thread/INFO]: Stopping server
[23:01:54] [Server thread/INFO]: Saving players
[23:01:54] [Server thread/INFO]: TabSoda lost connection: Disconnected
[23:01:54] [Server thread/INFO]: TabSoda left the game
[23:01:54] [Server thread/INFO]: Stopping singleplayer server as player logged out
[23:01:54] [Server thread/INFO]: Saving worlds
[23:01:54] [Server thread/INFO]: Saving chunks for level 'New World'/overworld
[23:01:54] [Server thread/INFO]: Saving chunks for level 'New World'/the_nether
[23:01:54] [Server thread/INFO]: Saving chunks for level 'New World'/the_end
[23:01:58] [Server thread/INFO]: Starting integrated minecraft server version 1.12.2
[23:01:58] [Server thread/INFO]: Generating keypair
[23:01:58] [Server thread/INFO]: Loaded 488 advancements
[23:01:58] [Server thread/INFO]: Preparing start region for level 0
[23:01:59] [Server thread/INFO]: Preparing spawn area: 18%
[23:02:00] [Server thread/INFO]: Preparing spawn area: 38%
[23:02:01] [Server thread/INFO]: Preparing spawn area: 59%
[23:02:02] [Server thread/INFO]: Preparing spawn area: 80%
[23:02:03] [Server thread/INFO]: Changing view distance to 12, from 10
[23:02:03] [Server thread/INFO]: TabSoda[local:E:1a29d9b8] logged in with entity id 5652 at (115.5, 58.0, 256.5)
[23:02:03] [Server thread/INFO]: TabSoda joined the game
[23:02:05] [Client thread/INFO]: Loaded 7 advancements
[23:02:10] [Client thread/INFO]: Loaded 11 advancements
[23:02:25] [Client thread/INFO]: Stopping!
[23:02:25] [Client thread/INFO]: SoundSystem shutting down...
[23:02:25] [Server thread/INFO]: Stopping server
[23:02:25] [Server thread/INFO]: Saving players
[23:02:25] [Server thread/INFO]: Saving worlds
[23:02:25] [Server thread/INFO]: Saving chunks for level 'New World'/overworld
[23:02:26] [Client thread/WARN]: Author: Paul Lamb, www.paulscode.com
